<?xml version="1.0" encoding="UTF-8"?>
<testng-results ignored="0" total="1" passed="1" failed="0" skipped="0">
  <reporter-output>
  </reporter-output>
  <suite started-at="2023-12-30T12:47:05 GMT-06:00" name="Default suite" finished-at="2023-12-30T12:47:16 GMT-06:00" duration-ms="10658">
    <groups>
    </groups>
    <test started-at="2023-12-30T12:47:05 GMT-06:00" name="Default test" finished-at="2023-12-30T12:47:16 GMT-06:00" duration-ms="10658">
      <class name="com.tests.TestDemo">
        <test-method signature="googleTest()[pri:0, instance:com.tests.TestDemo@3f6f6701]" started-at="2023-12-30T12:47:05 GMT-06:00" name="googleTest" finished-at="2023-12-30T12:47:16 GMT-06:00" duration-ms="10565" status="PASS">
          <reporter-output>
          </reporter-output>
        </test-method> <!-- googleTest -->
      </class> <!-- com.tests.TestDemo -->
    </test> <!-- Default test -->
  </suite> <!-- Default suite -->
</testng-results>
